c:\users\admin\documents\visual studio 2013\projects\чевапчич2\чевапчич2\debug\чевапчич2.pch
c:\users\admin\documents\visual studio 2013\projects\чевапчич2\чевапчич2\debug\vc120.pdb
c:\users\admin\documents\visual studio 2013\projects\чевапчич2\чевапчич2\debug\vc120.idb
c:\users\admin\documents\visual studio 2013\projects\чевапчич2\чевапчич2\debug\stdafx.obj
c:\users\admin\documents\visual studio 2013\projects\чевапчич2\чевапчич2\debug\чевапчич2.obj
c:\users\admin\documents\visual studio 2013\projects\чевапчич2\debug\чевапчич2.ilk
c:\users\admin\documents\visual studio 2013\projects\чевапчич2\debug\чевапчич2.exe
c:\users\admin\documents\visual studio 2013\projects\чевапчич2\debug\чевапчич2.pdb
f:\чевапчич2\чевапчич2\debug\stdafx.obj
f:\чевапчич2\чевапчич2\debug\чевапчич2.obj
f:\чевапчич2\чевапчич2\debug\чевапчич2.pch
f:\чевапчич2\чевапчич2\debug\vc120.idb
f:\чевапчич2\чевапчич2\debug\vc120.pdb
f:\чевапчич2\debug\чевапчич2.pdb
f:\чевапчич2\debug\чевапчич2.exe
f:\чевапчич2\debug\чевапчич2.ilk
f:\чевапчич2\чевапчич2\debug\чевапчич2.tlog\cl.command.1.tlog
f:\чевапчич2\чевапчич2\debug\чевапчич2.tlog\cl.read.1.tlog
f:\чевапчич2\чевапчич2\debug\чевапчич2.tlog\cl.write.1.tlog
f:\чевапчич2\чевапчич2\debug\чевапчич2.tlog\link.command.1.tlog
f:\чевапчич2\чевапчич2\debug\чевапчич2.tlog\link.read.1.tlog
f:\чевапчич2\чевапчич2\debug\чевапчич2.tlog\link.write.1.tlog
